/tmp/tmp8mxpqi3c/student/zaj13FileMatrix/FileMatrix.hpp:58:5: warning: Class 'FileMatrix < int8_t , unsigned long >' has a constructor with 1 argument that is not explicit. [noExplicitConstructor]
    FileMatrix(const std::string& filename): filename_(filename)
    ^
/tmp/tmp8mxpqi3c/student/zaj13FileMatrix/FileMatrix.hpp:156:9: warning: Struct 'iterator' has a constructor with 1 argument that is not explicit. [noExplicitConstructor]
        iterator(std::string fname, IndexType pos = {}): fname_(std::move(fname)), position_(pos) {
        ^
/tmp/tmp8mxpqi3c/student/zaj13FileMatrix/FileMatrix.hpp:58:5: warning: Class 'FileMatrix < int16_t , unsigned long >' has a constructor with 1 argument that is not explicit. [noExplicitConstructor]
    FileMatrix(const std::string& filename): filename_(filename)
    ^
/tmp/tmp8mxpqi3c/student/zaj13FileMatrix/FileMatrix.hpp:58:5: warning: Class 'FileMatrix < int32_t , unsigned long >' has a constructor with 1 argument that is not explicit. [noExplicitConstructor]
    FileMatrix(const std::string& filename): filename_(filename)
    ^
/tmp/tmp8mxpqi3c/student/zaj13FileMatrix/FileMatrix.hpp:58:5: warning: Class 'FileMatrix < int64_t , unsigned long >' has a constructor with 1 argument that is not explicit. [noExplicitConstructor]
    FileMatrix(const std::string& filename): filename_(filename)
    ^
/tmp/tmp8mxpqi3c/student/zaj13FileMatrix/FileMatrix.hpp:58:5: warning: Class 'FileMatrix < double , unsigned long >' has a constructor with 1 argument that is not explicit. [noExplicitConstructor]
    FileMatrix(const std::string& filename): filename_(filename)
    ^
/tmp/tmp8mxpqi3c/student/zaj13FileMatrix/FileMatrix.hpp:58:5: warning: Class 'FileMatrix < float , unsigned long >' has a constructor with 1 argument that is not explicit. [noExplicitConstructor]
    FileMatrix(const std::string& filename): filename_(filename)
    ^
/tmp/tmp8mxpqi3c/student/zaj13FileMatrix/FileMatrix.hpp:58:5: warning: Class 'FileMatrix < unsigned long , unsigned long >' has a constructor with 1 argument that is not explicit. [noExplicitConstructor]
    FileMatrix(const std::string& filename): filename_(filename)
    ^
/tmp/tmp8mxpqi3c/student/zaj13FileMatrix/FileMatrix.hpp:58:5: warning: Class 'FileMatrix < char , unsigned long >' has a constructor with 1 argument that is not explicit. [noExplicitConstructor]
    FileMatrix(const std::string& filename): filename_(filename)
    ^
/tmp/tmp8mxpqi3c/student/zaj13FileMatrix/FileMatrix.hpp:58:5: warning: Class 'FileMatrix < unsigned int , unsigned long >' has a constructor with 1 argument that is not explicit. [noExplicitConstructor]
    FileMatrix(const std::string& filename): filename_(filename)
    ^
/tmp/tmp8mxpqi3c/student/zaj13FileMatrix/FileMatrix.hpp:58:5: warning: Class 'FileMatrix < long long , unsigned long >' has a constructor with 1 argument that is not explicit. [noExplicitConstructor]
    FileMatrix(const std::string& filename): filename_(filename)
    ^
/tmp/tmp8mxpqi3c/student/zaj13FileMatrix/FileMatrix.hpp:58:5: warning: Class 'FileMatrix < unsigned long long , unsigned long >' has a constructor with 1 argument that is not explicit. [noExplicitConstructor]
    FileMatrix(const std::string& filename): filename_(filename)
    ^
/tmp/tmp8mxpqi3c/student/zaj13FileMatrix/FileMatrix.hpp:58:5: warning: Class 'FileMatrix' has a constructor with 1 argument that is not explicit. [noExplicitConstructor]
    FileMatrix(const std::string& filename): filename_(filename)
    ^
